  GoalArriveAtPosition.cpp
  GoalHarvestMineral.cpp
  GoalMoveToPosition.cpp
  GoalSeekToPosition.cpp
  GoalWander.cpp
  Mineral.cpp
  Raven.cpp
D:\VGP332\Final\Raven.cpp(115,48): warning C4244: 'initializing': conversion from 'uint32_t' to 'float', possible loss of data
D:\VGP332\Final\Raven.cpp(115,29): warning C4244: 'initializing': conversion from 'uint32_t' to 'const float', possible loss of data
D:\VGP332\Final\Raven.cpp(116,50): warning C4244: 'initializing': conversion from 'uint32_t' to 'float', possible loss of data
D:\VGP332\Final\Raven.cpp(116,30): warning C4244: 'initializing': conversion from 'uint32_t' to 'const float', possible loss of data
  RavenGoToMineralStrategy.cpp
  RavenHarvestStrategy.cpp
  RavenHuntStrategy.cpp
  RavenStrategy.cpp
  SCV.cpp
  TileMap.cpp
D:\VGP332\Final\TileMap.cpp(258,12): warning C4244: 'initializing': conversion from 'int' to 'float', possible loss of data
D:\VGP332\Final\TileMap.cpp(259,12): warning C4244: 'initializing': conversion from 'int' to 'float', possible loss of data
D:\VGP332\Final\TileMap.cpp(265,12): warning C4244: 'initializing': conversion from 'int' to 'float', possible loss of data
D:\VGP332\Final\TileMap.cpp(266,12): warning C4244: 'initializing': conversion from 'int' to 'float', possible loss of data
D:\VGP332\Final\TileMap.cpp(273,12): warning C4244: 'initializing': conversion from 'int' to 'float', possible loss of data
D:\VGP332\Final\TileMap.cpp(274,12): warning C4244: 'initializing': conversion from 'int' to 'float', possible loss of data
  VisualSensor.cpp
  WinMain.cpp
D:\VGP332\Final\WinMain.cpp(55,45): warning C4244: 'initializing': conversion from 'uint32_t' to 'float', possible loss of data
D:\VGP332\Final\WinMain.cpp(55,26): warning C4244: 'initializing': conversion from 'uint32_t' to 'const float', possible loss of data
D:\VGP332\Final\WinMain.cpp(56,47): warning C4244: 'initializing': conversion from 'uint32_t' to 'float', possible loss of data
D:\VGP332\Final\WinMain.cpp(56,27): warning C4244: 'initializing': conversion from 'uint32_t' to 'const float', possible loss of data
D:\VGP332\Final\WinMain.cpp(82,45): warning C4244: 'initializing': conversion from 'uint32_t' to 'float', possible loss of data
D:\VGP332\Final\WinMain.cpp(82,26): warning C4244: 'initializing': conversion from 'uint32_t' to 'const float', possible loss of data
D:\VGP332\Final\WinMain.cpp(83,47): warning C4244: 'initializing': conversion from 'uint32_t' to 'float', possible loss of data
D:\VGP332\Final\WinMain.cpp(83,27): warning C4244: 'initializing': conversion from 'uint32_t' to 'const float', possible loss of data
  Generating Code...
     Creating library D:\VGP332\x64\Debug\Final.lib and object D:\VGP332\x64\Debug\Final.exp
  Final.vcxproj -> D:\VGP332\x64\Debug\Final.exe
